2022-01-01 00:05:20.239  INFO 19684 --- [http-nio-3800-exec-1] o.a.c.c.C.[Tomcat].[localhost].[/]       : Initializing Spring DispatcherServlet 'dispatcherServlet'
2022-01-01 00:05:20.248  INFO 19684 --- [http-nio-3800-exec-1] o.s.web.servlet.DispatcherServlet        : Initializing Servlet 'dispatcherServlet'
2022-01-01 00:05:20.253  INFO 19684 --- [http-nio-3800-exec-1] o.s.web.servlet.DispatcherServlet        : Completed initialization in 4 ms
2022-01-01 00:11:33.543  INFO 19684 --- [RMI TCP Connection(2)-127.0.0.1] inMXBeanRegistrar$SpringApplicationAdmin : Application shutdown requested.
2022-01-01 00:11:33.876  INFO 19684 --- [RMI TCP Connection(2)-127.0.0.1] j.LocalContainerEntityManagerFactoryBean : Closing JPA EntityManagerFactory for persistence unit 'default'
2022-01-01 00:11:33.884  INFO 19684 --- [RMI TCP Connection(2)-127.0.0.1] com.zaxxer.hikari.HikariDataSource       : HikariPool-1 - Shutdown initiated...
2022-01-01 00:11:33.897  INFO 19684 --- [RMI TCP Connection(2)-127.0.0.1] com.zaxxer.hikari.HikariDataSource       : HikariPool-1 - Shutdown completed.
2022-01-01 15:54:53.303  INFO 18604 --- [restartedMain] .e.RecruitmentManagmentSystemApplication : Starting RecruitmentManagmentSystemApplication using Java 1.8.0_77 on DESKTOP-U7FQFVU with PID 18604 (C:\Users\hanin\Desktop\Final Year DSI Courses\MEAN STACK\angular-spring-project\-Recruitment_Managment_System\BackEndSpringBoot\target\classes started by hanin in C:\Users\hanin\Desktop\Final Year DSI Courses\MEAN STACK\angular-spring-project\-Recruitment_Managment_System\BackEndSpringBoot)
2022-01-01 15:54:53.322  INFO 18604 --- [restartedMain] .e.RecruitmentManagmentSystemApplication : No active profile set, falling back to default profiles: default
2022-01-01 15:54:53.408  INFO 18604 --- [restartedMain] o.s.b.devtools.restart.ChangeableUrls    : The Class-Path manifest attribute in C:\Users\hanin\.m2\repository\org\glassfish\hk2\hk2\2.6.1\hk2-2.6.1.jar referenced one or more files that do not exist: file:/C:/Users/hanin/.m2/repository/org/glassfish/hk2/hk2/2.6.1/hk2-utils.jar,file:/C:/Users/hanin/.m2/repository/org/glassfish/hk2/hk2/2.6.1/jakarta.annotation-api.jar,file:/C:/Users/hanin/.m2/repository/org/glassfish/hk2/hk2/2.6.1/jakarta.inject.jar,file:/C:/Users/hanin/.m2/repository/org/glassfish/hk2/hk2/2.6.1/hk2-api.jar,file:/C:/Users/hanin/.m2/repository/org/glassfish/hk2/hk2/2.6.1/aopalliance-repackaged.jar,file:/C:/Users/hanin/.m2/repository/org/glassfish/hk2/hk2/2.6.1/hk2-core.jar,file:/C:/Users/hanin/.m2/repository/org/glassfish/hk2/hk2/2.6.1/hk2-locator.jar,file:/C:/Users/hanin/.m2/repository/org/glassfish/hk2/hk2/2.6.1/javassist.jar,file:/C:/Users/hanin/.m2/repository/org/glassfish/hk2/hk2/2.6.1/hk2-runlevel.jar,file:/C:/Users/hanin/.m2/repository/org/glassfish/hk2/hk2/2.6.1/class-model.jar,file:/C:/Users/hanin/.m2/repository/org/glassfish/hk2/hk2/2.6.1/asm.jar,file:/C:/Users/hanin/.m2/repository/org/glassfish/hk2/hk2/2.6.1/asm-analysis.jar,file:/C:/Users/hanin/.m2/repository/org/glassfish/hk2/hk2/2.6.1/asm-commons.jar,file:/C:/Users/hanin/.m2/repository/org/glassfish/hk2/hk2/2.6.1/asm-tree.jar,file:/C:/Users/hanin/.m2/repository/org/glassfish/hk2/hk2/2.6.1/asm-util.jar
2022-01-01 15:54:53.408  INFO 18604 --- [restartedMain] .e.DevToolsPropertyDefaultsPostProcessor : Devtools property defaults active! Set 'spring.devtools.add-properties' to 'false' to disable
2022-01-01 15:54:53.409  INFO 18604 --- [restartedMain] .e.DevToolsPropertyDefaultsPostProcessor : For additional web related logging consider setting the 'logging.level.web' property to 'DEBUG'
2022-01-01 15:54:54.913  INFO 18604 --- [restartedMain] .s.d.r.c.RepositoryConfigurationDelegate : Bootstrapping Spring Data JPA repositories in DEFAULT mode.
2022-01-01 15:54:55.113  INFO 18604 --- [restartedMain] .s.d.r.c.RepositoryConfigurationDelegate : Finished Spring Data repository scanning in 187 ms. Found 10 JPA repository interfaces.
2022-01-01 15:54:55.759  INFO 18604 --- [restartedMain] trationDelegate$BeanPostProcessorChecker : Bean 'org.springframework.security.access.expression.method.DefaultMethodSecurityExpressionHandler@12d82e15' of type [org.springframework.security.access.expression.method.DefaultMethodSecurityExpressionHandler] is not eligible for getting processed by all BeanPostProcessors (for example: not eligible for auto-proxying)
2022-01-01 15:54:55.770  INFO 18604 --- [restartedMain] trationDelegate$BeanPostProcessorChecker : Bean 'methodSecurityMetadataSource' of type [org.springframework.security.access.method.DelegatingMethodSecurityMetadataSource] is not eligible for getting processed by all BeanPostProcessors (for example: not eligible for auto-proxying)
2022-01-01 15:54:56.521  INFO 18604 --- [restartedMain] o.s.b.w.embedded.tomcat.TomcatWebServer  : Tomcat initialized with port(s): 3800 (http)
2022-01-01 15:54:56.536  INFO 18604 --- [restartedMain] o.apache.catalina.core.StandardService   : Starting service [Tomcat]
2022-01-01 15:54:56.537  INFO 18604 --- [restartedMain] org.apache.catalina.core.StandardEngine  : Starting Servlet engine: [Apache Tomcat/9.0.54]
2022-01-01 15:54:56.870  INFO 18604 --- [restartedMain] o.a.c.c.C.[Tomcat].[localhost].[/]       : Initializing Spring embedded WebApplicationContext
2022-01-01 15:54:56.871  INFO 18604 --- [restartedMain] w.s.c.ServletWebServerApplicationContext : Root WebApplicationContext: initialization completed in 3461 ms
2022-01-01 15:54:57.336  INFO 18604 --- [restartedMain] o.hibernate.jpa.internal.util.LogHelper  : HHH000204: Processing PersistenceUnitInfo [name: default]
2022-01-01 15:54:57.528  INFO 18604 --- [restartedMain] org.hibernate.Version                    : HHH000412: Hibernate ORM core version 5.4.32.Final
2022-01-01 15:54:58.076  INFO 18604 --- [restartedMain] o.hibernate.annotations.common.Version   : HCANN000001: Hibernate Commons Annotations {5.1.2.Final}
2022-01-01 15:54:58.539  INFO 18604 --- [restartedMain] com.zaxxer.hikari.HikariDataSource       : HikariPool-1 - Starting...
2022-01-01 15:54:58.551  WARN 18604 --- [restartedMain] com.zaxxer.hikari.util.DriverDataSource  : Registered driver with driverClassName=com.mysql.jdbc.Driver was not found, trying direct instantiation.
2022-01-01 15:55:00.777  INFO 18604 --- [restartedMain] com.zaxxer.hikari.HikariDataSource       : HikariPool-1 - Start completed.
2022-01-01 15:55:00.799  INFO 18604 --- [restartedMain] org.hibernate.dialect.Dialect            : HHH000400: Using dialect: org.hibernate.dialect.MySQL5Dialect
2022-01-01 15:55:12.022  INFO 18604 --- [restartedMain] o.h.e.t.j.p.i.JtaPlatformInitiator       : HHH000490: Using JtaPlatform implementation: [org.hibernate.engine.transaction.jta.platform.internal.NoJtaPlatform]
2022-01-01 15:55:12.040  INFO 18604 --- [restartedMain] j.LocalContainerEntityManagerFactoryBean : Initialized JPA EntityManagerFactory for persistence unit 'default'
2022-01-01 15:55:13.283  WARN 18604 --- [restartedMain] JpaBaseConfiguration$JpaWebConfiguration : spring.jpa.open-in-view is enabled by default. Therefore, database queries may be performed during view rendering. Explicitly configure spring.jpa.open-in-view to disable this warning
2022-01-01 15:55:14.509  INFO 18604 --- [restartedMain] o.s.s.web.DefaultSecurityFilterChain     : Will secure any request with [org.springframework.security.web.context.request.async.WebAsyncManagerIntegrationFilter@4465530b, org.springframework.security.web.context.SecurityContextPersistenceFilter@7512774e, org.springframework.security.web.header.HeaderWriterFilter@5f032381, org.springframework.security.web.authentication.logout.LogoutFilter@1917a8fa, com.example.security.JWTAuthorizationFiler@267d81eb, com.example.security.JWTAuthenticationFilter@4732c538, org.springframework.security.web.savedrequest.RequestCacheAwareFilter@5999c579, org.springframework.security.web.servletapi.SecurityContextHolderAwareRequestFilter@53cc27da, org.springframework.security.web.authentication.AnonymousAuthenticationFilter@2040d556, org.springframework.security.web.session.SessionManagementFilter@142e619f, org.springframework.security.web.access.ExceptionTranslationFilter@4d68342e, org.springframework.security.web.access.intercept.FilterSecurityInterceptor@2c319eb2]
2022-01-01 15:55:15.646  WARN 18604 --- [restartedMain] ion$DefaultTemplateResolverConfiguration : Cannot find template location: classpath:/templates/ (please add some templates or check your Thymeleaf configuration)
2022-01-01 15:55:16.229  INFO 18604 --- [restartedMain] o.s.b.d.a.OptionalLiveReloadServer       : LiveReload server is running on port 35729
2022-01-01 15:55:16.393  INFO 18604 --- [restartedMain] o.s.b.w.embedded.tomcat.TomcatWebServer  : Tomcat started on port(s): 3800 (http) with context path ''
2022-01-01 15:55:16.411  INFO 18604 --- [restartedMain] .e.RecruitmentManagmentSystemApplication : Started RecruitmentManagmentSystemApplication in 23.75 seconds (JVM running for 25.198)
2022-01-01 15:56:35.833  INFO 18604 --- [RMI TCP Connection(2)-127.0.0.1] inMXBeanRegistrar$SpringApplicationAdmin : Application shutdown requested.
2022-01-01 15:56:36.322  INFO 18604 --- [RMI TCP Connection(2)-127.0.0.1] j.LocalContainerEntityManagerFactoryBean : Closing JPA EntityManagerFactory for persistence unit 'default'
2022-01-01 15:56:36.329  INFO 18604 --- [RMI TCP Connection(2)-127.0.0.1] com.zaxxer.hikari.HikariDataSource       : HikariPool-1 - Shutdown initiated...
2022-01-01 15:56:44.944  INFO 18604 --- [RMI TCP Connection(2)-127.0.0.1] com.zaxxer.hikari.HikariDataSource       : HikariPool-1 - Shutdown completed.
2022-01-01 16:16:19.042  INFO 16780 --- [restartedMain] .e.RecruitmentManagmentSystemApplication : Starting RecruitmentManagmentSystemApplication using Java 1.8.0_77 on DESKTOP-U7FQFVU with PID 16780 (C:\Users\hanin\Desktop\Final Year DSI Courses\MEAN STACK\angular-spring-project\-Recruitment_Managment_System\BackEndSpringBoot\target\classes started by hanin in C:\Users\hanin\Desktop\Final Year DSI Courses\MEAN STACK\angular-spring-project\-Recruitment_Managment_System\BackEndSpringBoot)
2022-01-01 16:16:19.046  INFO 16780 --- [restartedMain] .e.RecruitmentManagmentSystemApplication : No active profile set, falling back to default profiles: default
2022-01-01 16:16:19.305  INFO 16780 --- [restartedMain] o.s.b.devtools.restart.ChangeableUrls    : The Class-Path manifest attribute in C:\Users\hanin\.m2\repository\org\glassfish\hk2\hk2\2.6.1\hk2-2.6.1.jar referenced one or more files that do not exist: file:/C:/Users/hanin/.m2/repository/org/glassfish/hk2/hk2/2.6.1/hk2-utils.jar,file:/C:/Users/hanin/.m2/repository/org/glassfish/hk2/hk2/2.6.1/jakarta.annotation-api.jar,file:/C:/Users/hanin/.m2/repository/org/glassfish/hk2/hk2/2.6.1/jakarta.inject.jar,file:/C:/Users/hanin/.m2/repository/org/glassfish/hk2/hk2/2.6.1/hk2-api.jar,file:/C:/Users/hanin/.m2/repository/org/glassfish/hk2/hk2/2.6.1/aopalliance-repackaged.jar,file:/C:/Users/hanin/.m2/repository/org/glassfish/hk2/hk2/2.6.1/hk2-core.jar,file:/C:/Users/hanin/.m2/repository/org/glassfish/hk2/hk2/2.6.1/hk2-locator.jar,file:/C:/Users/hanin/.m2/repository/org/glassfish/hk2/hk2/2.6.1/javassist.jar,file:/C:/Users/hanin/.m2/repository/org/glassfish/hk2/hk2/2.6.1/hk2-runlevel.jar,file:/C:/Users/hanin/.m2/repository/org/glassfish/hk2/hk2/2.6.1/class-model.jar,file:/C:/Users/hanin/.m2/repository/org/glassfish/hk2/hk2/2.6.1/asm.jar,file:/C:/Users/hanin/.m2/repository/org/glassfish/hk2/hk2/2.6.1/asm-analysis.jar,file:/C:/Users/hanin/.m2/repository/org/glassfish/hk2/hk2/2.6.1/asm-commons.jar,file:/C:/Users/hanin/.m2/repository/org/glassfish/hk2/hk2/2.6.1/asm-tree.jar,file:/C:/Users/hanin/.m2/repository/org/glassfish/hk2/hk2/2.6.1/asm-util.jar
2022-01-01 16:16:19.306  INFO 16780 --- [restartedMain] .e.DevToolsPropertyDefaultsPostProcessor : Devtools property defaults active! Set 'spring.devtools.add-properties' to 'false' to disable
2022-01-01 16:16:19.307  INFO 16780 --- [restartedMain] .e.DevToolsPropertyDefaultsPostProcessor : For additional web related logging consider setting the 'logging.level.web' property to 'DEBUG'
2022-01-01 16:16:30.862  INFO 9864 --- [restartedMain] .e.RecruitmentManagmentSystemApplication : Starting RecruitmentManagmentSystemApplication using Java 1.8.0_77 on DESKTOP-U7FQFVU with PID 9864 (C:\Users\hanin\Desktop\Final Year DSI Courses\MEAN STACK\angular-spring-project\-Recruitment_Managment_System\BackEndSpringBoot\target\classes started by hanin in C:\Users\hanin\Desktop\Final Year DSI Courses\MEAN STACK\angular-spring-project\-Recruitment_Managment_System\BackEndSpringBoot)
2022-01-01 16:16:30.865  INFO 9864 --- [restartedMain] .e.RecruitmentManagmentSystemApplication : No active profile set, falling back to default profiles: default
2022-01-01 16:16:30.947  INFO 9864 --- [restartedMain] o.s.b.devtools.restart.ChangeableUrls    : The Class-Path manifest attribute in C:\Users\hanin\.m2\repository\org\glassfish\hk2\hk2\2.6.1\hk2-2.6.1.jar referenced one or more files that do not exist: file:/C:/Users/hanin/.m2/repository/org/glassfish/hk2/hk2/2.6.1/hk2-utils.jar,file:/C:/Users/hanin/.m2/repository/org/glassfish/hk2/hk2/2.6.1/jakarta.annotation-api.jar,file:/C:/Users/hanin/.m2/repository/org/glassfish/hk2/hk2/2.6.1/jakarta.inject.jar,file:/C:/Users/hanin/.m2/repository/org/glassfish/hk2/hk2/2.6.1/hk2-api.jar,file:/C:/Users/hanin/.m2/repository/org/glassfish/hk2/hk2/2.6.1/aopalliance-repackaged.jar,file:/C:/Users/hanin/.m2/repository/org/glassfish/hk2/hk2/2.6.1/hk2-core.jar,file:/C:/Users/hanin/.m2/repository/org/glassfish/hk2/hk2/2.6.1/hk2-locator.jar,file:/C:/Users/hanin/.m2/repository/org/glassfish/hk2/hk2/2.6.1/javassist.jar,file:/C:/Users/hanin/.m2/repository/org/glassfish/hk2/hk2/2.6.1/hk2-runlevel.jar,file:/C:/Users/hanin/.m2/repository/org/glassfish/hk2/hk2/2.6.1/class-model.jar,file:/C:/Users/hanin/.m2/repository/org/glassfish/hk2/hk2/2.6.1/asm.jar,file:/C:/Users/hanin/.m2/repository/org/glassfish/hk2/hk2/2.6.1/asm-analysis.jar,file:/C:/Users/hanin/.m2/repository/org/glassfish/hk2/hk2/2.6.1/asm-commons.jar,file:/C:/Users/hanin/.m2/repository/org/glassfish/hk2/hk2/2.6.1/asm-tree.jar,file:/C:/Users/hanin/.m2/repository/org/glassfish/hk2/hk2/2.6.1/asm-util.jar
2022-01-01 16:16:30.947  INFO 9864 --- [restartedMain] .e.DevToolsPropertyDefaultsPostProcessor : Devtools property defaults active! Set 'spring.devtools.add-properties' to 'false' to disable
2022-01-01 16:16:30.948  INFO 9864 --- [restartedMain] .e.DevToolsPropertyDefaultsPostProcessor : For additional web related logging consider setting the 'logging.level.web' property to 'DEBUG'
2022-01-01 16:16:32.400  INFO 9864 --- [restartedMain] .s.d.r.c.RepositoryConfigurationDelegate : Bootstrapping Spring Data JPA repositories in DEFAULT mode.
2022-01-01 16:16:32.585  INFO 9864 --- [restartedMain] .s.d.r.c.RepositoryConfigurationDelegate : Finished Spring Data repository scanning in 173 ms. Found 10 JPA repository interfaces.
2022-01-01 16:16:33.241  INFO 9864 --- [restartedMain] trationDelegate$BeanPostProcessorChecker : Bean 'org.springframework.security.access.expression.method.DefaultMethodSecurityExpressionHandler@210c3762' of type [org.springframework.security.access.expression.method.DefaultMethodSecurityExpressionHandler] is not eligible for getting processed by all BeanPostProcessors (for example: not eligible for auto-proxying)
2022-01-01 16:16:33.255  INFO 9864 --- [restartedMain] trationDelegate$BeanPostProcessorChecker : Bean 'methodSecurityMetadataSource' of type [org.springframework.security.access.method.DelegatingMethodSecurityMetadataSource] is not eligible for getting processed by all BeanPostProcessors (for example: not eligible for auto-proxying)
2022-01-01 16:16:33.796  INFO 9864 --- [restartedMain] o.s.b.w.embedded.tomcat.TomcatWebServer  : Tomcat initialized with port(s): 3800 (http)
2022-01-01 16:16:33.811  INFO 9864 --- [restartedMain] o.apache.catalina.core.StandardService   : Starting service [Tomcat]
2022-01-01 16:16:33.812  INFO 9864 --- [restartedMain] org.apache.catalina.core.StandardEngine  : Starting Servlet engine: [Apache Tomcat/9.0.54]
2022-01-01 16:16:34.035  INFO 9864 --- [restartedMain] o.a.c.c.C.[Tomcat].[localhost].[/]       : Initializing Spring embedded WebApplicationContext
2022-01-01 16:16:34.035  INFO 9864 --- [restartedMain] w.s.c.ServletWebServerApplicationContext : Root WebApplicationContext: initialization completed in 3086 ms
2022-01-01 16:16:34.462  INFO 9864 --- [restartedMain] o.hibernate.jpa.internal.util.LogHelper  : HHH000204: Processing PersistenceUnitInfo [name: default]
2022-01-01 16:16:34.642  INFO 9864 --- [restartedMain] org.hibernate.Version                    : HHH000412: Hibernate ORM core version 5.4.32.Final
2022-01-01 16:16:34.815  INFO 9864 --- [restartedMain] o.hibernate.annotations.common.Version   : HCANN000001: Hibernate Commons Annotations {5.1.2.Final}
2022-01-01 16:16:34.967  INFO 9864 --- [restartedMain] com.zaxxer.hikari.HikariDataSource       : HikariPool-1 - Starting...
2022-01-01 16:16:34.969  WARN 9864 --- [restartedMain] com.zaxxer.hikari.util.DriverDataSource  : Registered driver with driverClassName=com.mysql.jdbc.Driver was not found, trying direct instantiation.
2022-01-01 16:16:38.371  INFO 9864 --- [restartedMain] com.zaxxer.hikari.HikariDataSource       : HikariPool-1 - Start completed.
2022-01-01 16:16:38.393  INFO 9864 --- [restartedMain] org.hibernate.dialect.Dialect            : HHH000400: Using dialect: org.hibernate.dialect.MySQL5Dialect
2022-01-01 16:16:52.458  INFO 9864 --- [restartedMain] o.h.e.t.j.p.i.JtaPlatformInitiator       : HHH000490: Using JtaPlatform implementation: [org.hibernate.engine.transaction.jta.platform.internal.NoJtaPlatform]
2022-01-01 16:16:52.479  INFO 9864 --- [restartedMain] j.LocalContainerEntityManagerFactoryBean : Initialized JPA EntityManagerFactory for persistence unit 'default'
2022-01-01 16:16:53.758  WARN 9864 --- [restartedMain] JpaBaseConfiguration$JpaWebConfiguration : spring.jpa.open-in-view is enabled by default. Therefore, database queries may be performed during view rendering. Explicitly configure spring.jpa.open-in-view to disable this warning
2022-01-01 16:16:54.815  INFO 9864 --- [restartedMain] o.s.s.web.DefaultSecurityFilterChain     : Will secure any request with [org.springframework.security.web.context.request.async.WebAsyncManagerIntegrationFilter@6825ad14, org.springframework.security.web.context.SecurityContextPersistenceFilter@5134816e, org.springframework.security.web.header.HeaderWriterFilter@2c3a40ac, org.springframework.security.web.authentication.logout.LogoutFilter@eeed418, com.example.security.JWTAuthorizationFiler@7cffddb2, com.example.security.JWTAuthenticationFilter@182e74db, org.springframework.security.web.savedrequest.RequestCacheAwareFilter@2103f330, org.springframework.security.web.servletapi.SecurityContextHolderAwareRequestFilter@7341c32d, org.springframework.security.web.authentication.AnonymousAuthenticationFilter@6d4823e3, org.springframework.security.web.session.SessionManagementFilter@1baa8ee, org.springframework.security.web.access.ExceptionTranslationFilter@27650070, org.springframework.security.web.access.intercept.FilterSecurityInterceptor@24a49cde]
2022-01-01 16:16:55.882  WARN 9864 --- [restartedMain] ion$DefaultTemplateResolverConfiguration : Cannot find template location: classpath:/templates/ (please add some templates or check your Thymeleaf configuration)
2022-01-01 16:16:56.476  INFO 9864 --- [restartedMain] o.s.b.d.a.OptionalLiveReloadServer       : LiveReload server is running on port 35729
2022-01-01 16:16:56.545  INFO 9864 --- [restartedMain] o.s.b.w.embedded.tomcat.TomcatWebServer  : Tomcat started on port(s): 3800 (http) with context path ''
2022-01-01 16:16:56.565  INFO 9864 --- [restartedMain] .e.RecruitmentManagmentSystemApplication : Started RecruitmentManagmentSystemApplication in 26.318 seconds (JVM running for 27.855)
2022-01-01 17:17:49.698  INFO 9864 --- [RMI TCP Connection(2)-127.0.0.1] inMXBeanRegistrar$SpringApplicationAdmin : Application shutdown requested.
2022-01-01 17:17:50.645  INFO 9864 --- [RMI TCP Connection(2)-127.0.0.1] j.LocalContainerEntityManagerFactoryBean : Closing JPA EntityManagerFactory for persistence unit 'default'
2022-01-01 17:17:50.717  INFO 9864 --- [RMI TCP Connection(2)-127.0.0.1] com.zaxxer.hikari.HikariDataSource       : HikariPool-1 - Shutdown initiated...
2022-01-01 17:17:50.731  INFO 9864 --- [RMI TCP Connection(2)-127.0.0.1] com.zaxxer.hikari.HikariDataSource       : HikariPool-1 - Shutdown completed.
2022-01-01 17:27:39.021  INFO 10500 --- [restartedMain] .e.RecruitmentManagmentSystemApplication : Starting RecruitmentManagmentSystemApplication using Java 1.8.0_77 on DESKTOP-U7FQFVU with PID 10500 (C:\Users\hanin\Desktop\sts-projects-2021\BackEndNoAuth\target\classes started by hanin in C:\Users\hanin\Desktop\sts-projects-2021\BackEndNoAuth)
2022-01-01 17:27:39.023  INFO 10500 --- [restartedMain] .e.RecruitmentManagmentSystemApplication : No active profile set, falling back to default profiles: default
2022-01-01 17:27:39.126  INFO 10500 --- [restartedMain] o.s.b.devtools.restart.ChangeableUrls    : The Class-Path manifest attribute in C:\Users\hanin\.m2\repository\org\glassfish\hk2\hk2\2.6.1\hk2-2.6.1.jar referenced one or more files that do not exist: file:/C:/Users/hanin/.m2/repository/org/glassfish/hk2/hk2/2.6.1/hk2-utils.jar,file:/C:/Users/hanin/.m2/repository/org/glassfish/hk2/hk2/2.6.1/jakarta.annotation-api.jar,file:/C:/Users/hanin/.m2/repository/org/glassfish/hk2/hk2/2.6.1/jakarta.inject.jar,file:/C:/Users/hanin/.m2/repository/org/glassfish/hk2/hk2/2.6.1/hk2-api.jar,file:/C:/Users/hanin/.m2/repository/org/glassfish/hk2/hk2/2.6.1/aopalliance-repackaged.jar,file:/C:/Users/hanin/.m2/repository/org/glassfish/hk2/hk2/2.6.1/hk2-core.jar,file:/C:/Users/hanin/.m2/repository/org/glassfish/hk2/hk2/2.6.1/hk2-locator.jar,file:/C:/Users/hanin/.m2/repository/org/glassfish/hk2/hk2/2.6.1/javassist.jar,file:/C:/Users/hanin/.m2/repository/org/glassfish/hk2/hk2/2.6.1/hk2-runlevel.jar,file:/C:/Users/hanin/.m2/repository/org/glassfish/hk2/hk2/2.6.1/class-model.jar,file:/C:/Users/hanin/.m2/repository/org/glassfish/hk2/hk2/2.6.1/asm.jar,file:/C:/Users/hanin/.m2/repository/org/glassfish/hk2/hk2/2.6.1/asm-analysis.jar,file:/C:/Users/hanin/.m2/repository/org/glassfish/hk2/hk2/2.6.1/asm-commons.jar,file:/C:/Users/hanin/.m2/repository/org/glassfish/hk2/hk2/2.6.1/asm-tree.jar,file:/C:/Users/hanin/.m2/repository/org/glassfish/hk2/hk2/2.6.1/asm-util.jar
2022-01-01 17:27:39.127  INFO 10500 --- [restartedMain] .e.DevToolsPropertyDefaultsPostProcessor : Devtools property defaults active! Set 'spring.devtools.add-properties' to 'false' to disable
2022-01-01 17:27:39.128  INFO 10500 --- [restartedMain] .e.DevToolsPropertyDefaultsPostProcessor : For additional web related logging consider setting the 'logging.level.web' property to 'DEBUG'
2022-01-01 17:27:42.401  INFO 10500 --- [restartedMain] .s.d.r.c.RepositoryConfigurationDelegate : Bootstrapping Spring Data JPA repositories in DEFAULT mode.
2022-01-01 17:27:42.654  INFO 10500 --- [restartedMain] .s.d.r.c.RepositoryConfigurationDelegate : Finished Spring Data repository scanning in 226 ms. Found 10 JPA repository interfaces.
2022-01-01 17:27:43.459  INFO 10500 --- [restartedMain] trationDelegate$BeanPostProcessorChecker : Bean 'org.springframework.security.access.expression.method.DefaultMethodSecurityExpressionHandler@50dd8cdf' of type [org.springframework.security.access.expression.method.DefaultMethodSecurityExpressionHandler] is not eligible for getting processed by all BeanPostProcessors (for example: not eligible for auto-proxying)
2022-01-01 17:27:43.474  INFO 10500 --- [restartedMain] trationDelegate$BeanPostProcessorChecker : Bean 'methodSecurityMetadataSource' of type [org.springframework.security.access.method.DelegatingMethodSecurityMetadataSource] is not eligible for getting processed by all BeanPostProcessors (for example: not eligible for auto-proxying)
2022-01-01 17:27:44.179  INFO 10500 --- [restartedMain] o.s.b.w.embedded.tomcat.TomcatWebServer  : Tomcat initialized with port(s): 3800 (http)
2022-01-01 17:27:44.199  INFO 10500 --- [restartedMain] o.apache.catalina.core.StandardService   : Starting service [Tomcat]
2022-01-01 17:27:44.200  INFO 10500 --- [restartedMain] org.apache.catalina.core.StandardEngine  : Starting Servlet engine: [Apache Tomcat/9.0.54]
2022-01-01 17:27:44.510  INFO 10500 --- [restartedMain] o.a.c.c.C.[Tomcat].[localhost].[/]       : Initializing Spring embedded WebApplicationContext
2022-01-01 17:27:44.511  INFO 10500 --- [restartedMain] w.s.c.ServletWebServerApplicationContext : Root WebApplicationContext: initialization completed in 5380 ms
2022-01-01 17:27:44.994  INFO 10500 --- [restartedMain] o.hibernate.jpa.internal.util.LogHelper  : HHH000204: Processing PersistenceUnitInfo [name: default]
2022-01-01 17:27:45.206  INFO 10500 --- [restartedMain] org.hibernate.Version                    : HHH000412: Hibernate ORM core version 5.4.32.Final
2022-01-01 17:27:45.405  INFO 10500 --- [restartedMain] o.hibernate.annotations.common.Version   : HCANN000001: Hibernate Commons Annotations {5.1.2.Final}
2022-01-01 17:27:45.620  INFO 10500 --- [restartedMain] com.zaxxer.hikari.HikariDataSource       : HikariPool-1 - Starting...
2022-01-01 17:27:45.623  WARN 10500 --- [restartedMain] com.zaxxer.hikari.util.DriverDataSource  : Registered driver with driverClassName=com.mysql.jdbc.Driver was not found, trying direct instantiation.
2022-01-01 17:27:58.646  INFO 10500 --- [restartedMain] com.zaxxer.hikari.HikariDataSource       : HikariPool-1 - Start completed.
2022-01-01 17:27:58.663  INFO 10500 --- [restartedMain] org.hibernate.dialect.Dialect            : HHH000400: Using dialect: org.hibernate.dialect.MySQL5Dialect
2022-01-01 17:28:12.105  INFO 10500 --- [restartedMain] o.h.e.t.j.p.i.JtaPlatformInitiator       : HHH000490: Using JtaPlatform implementation: [org.hibernate.engine.transaction.jta.platform.internal.NoJtaPlatform]
2022-01-01 17:28:12.123  INFO 10500 --- [restartedMain] j.LocalContainerEntityManagerFactoryBean : Initialized JPA EntityManagerFactory for persistence unit 'default'
2022-01-01 17:28:13.585  WARN 10500 --- [restartedMain] JpaBaseConfiguration$JpaWebConfiguration : spring.jpa.open-in-view is enabled by default. Therefore, database queries may be performed during view rendering. Explicitly configure spring.jpa.open-in-view to disable this warning
2022-01-01 17:28:14.949  INFO 10500 --- [restartedMain] o.s.s.web.DefaultSecurityFilterChain     : Will secure any request with [org.springframework.security.web.context.request.async.WebAsyncManagerIntegrationFilter@224017bc, org.springframework.security.web.context.SecurityContextPersistenceFilter@42cc2a3d, org.springframework.security.web.header.HeaderWriterFilter@667f2045, org.springframework.security.web.authentication.logout.LogoutFilter@448314c4, com.example.security.JWTAuthorizationFiler@739fd36, com.example.security.JWTAuthenticationFilter@3fe505f7, org.springframework.security.web.savedrequest.RequestCacheAwareFilter@33e5534c, org.springframework.security.web.servletapi.SecurityContextHolderAwareRequestFilter@680dc007, org.springframework.security.web.authentication.AnonymousAuthenticationFilter@61240348, org.springframework.security.web.session.SessionManagementFilter@65f65f12, org.springframework.security.web.access.ExceptionTranslationFilter@14cdba08, org.springframework.security.web.access.intercept.FilterSecurityInterceptor@379617a0]
2022-01-01 17:28:16.098  WARN 10500 --- [restartedMain] ion$DefaultTemplateResolverConfiguration : Cannot find template location: classpath:/templates/ (please add some templates or check your Thymeleaf configuration)
2022-01-01 17:28:16.737  INFO 10500 --- [restartedMain] o.s.b.d.a.OptionalLiveReloadServer       : LiveReload server is running on port 35729
2022-01-01 17:28:16.908  INFO 10500 --- [restartedMain] o.s.b.w.embedded.tomcat.TomcatWebServer  : Tomcat started on port(s): 3800 (http) with context path ''
