2021-12-31 01:31:37.171  INFO 5488 --- [restartedMain] .e.RecruitmentManagmentSystemApplication : Starting RecruitmentManagmentSystemApplication using Java 1.8.0_251 on DESKTOP-IUEN8B6 with PID 5488 (C:\Users\Nour\Desktop\Projet_BackFront\-Recruitment_Managment_System\BackEndSpringBoot\target\classes started by Nour in C:\Users\Nour\Desktop\Projet_BackFront\-Recruitment_Managment_System\BackEndSpringBoot)
2021-12-31 01:31:37.182  INFO 5488 --- [restartedMain] .e.RecruitmentManagmentSystemApplication : No active profile set, falling back to default profiles: default
2021-12-31 01:31:37.368  INFO 5488 --- [restartedMain] o.s.b.devtools.restart.ChangeableUrls    : The Class-Path manifest attribute in C:\Users\Nour\.m2\repository\org\glassfish\hk2\hk2\2.6.1\hk2-2.6.1.jar referenced one or more files that do not exist: file:/C:/Users/Nour/.m2/repository/org/glassfish/hk2/hk2/2.6.1/hk2-utils.jar,file:/C:/Users/Nour/.m2/repository/org/glassfish/hk2/hk2/2.6.1/jakarta.annotation-api.jar,file:/C:/Users/Nour/.m2/repository/org/glassfish/hk2/hk2/2.6.1/jakarta.inject.jar,file:/C:/Users/Nour/.m2/repository/org/glassfish/hk2/hk2/2.6.1/hk2-api.jar,file:/C:/Users/Nour/.m2/repository/org/glassfish/hk2/hk2/2.6.1/aopalliance-repackaged.jar,file:/C:/Users/Nour/.m2/repository/org/glassfish/hk2/hk2/2.6.1/hk2-core.jar,file:/C:/Users/Nour/.m2/repository/org/glassfish/hk2/hk2/2.6.1/hk2-locator.jar,file:/C:/Users/Nour/.m2/repository/org/glassfish/hk2/hk2/2.6.1/javassist.jar,file:/C:/Users/Nour/.m2/repository/org/glassfish/hk2/hk2/2.6.1/hk2-runlevel.jar,file:/C:/Users/Nour/.m2/repository/org/glassfish/hk2/hk2/2.6.1/class-model.jar,file:/C:/Users/Nour/.m2/repository/org/glassfish/hk2/hk2/2.6.1/asm.jar,file:/C:/Users/Nour/.m2/repository/org/glassfish/hk2/hk2/2.6.1/asm-analysis.jar,file:/C:/Users/Nour/.m2/repository/org/glassfish/hk2/hk2/2.6.1/asm-commons.jar,file:/C:/Users/Nour/.m2/repository/org/glassfish/hk2/hk2/2.6.1/asm-tree.jar,file:/C:/Users/Nour/.m2/repository/org/glassfish/hk2/hk2/2.6.1/asm-util.jar
2021-12-31 01:31:37.369  INFO 5488 --- [restartedMain] .e.DevToolsPropertyDefaultsPostProcessor : Devtools property defaults active! Set 'spring.devtools.add-properties' to 'false' to disable
2021-12-31 01:31:37.369  INFO 5488 --- [restartedMain] .e.DevToolsPropertyDefaultsPostProcessor : For additional web related logging consider setting the 'logging.level.web' property to 'DEBUG'
2021-12-31 01:31:40.209  INFO 5488 --- [restartedMain] .s.d.r.c.RepositoryConfigurationDelegate : Bootstrapping Spring Data JPA repositories in DEFAULT mode.
2021-12-31 01:31:40.588  INFO 5488 --- [restartedMain] .s.d.r.c.RepositoryConfigurationDelegate : Finished Spring Data repository scanning in 360 ms. Found 10 JPA repository interfaces.
2021-12-31 01:31:41.855  INFO 5488 --- [restartedMain] trationDelegate$BeanPostProcessorChecker : Bean 'org.springframework.security.access.expression.method.DefaultMethodSecurityExpressionHandler@6d81f5ed' of type [org.springframework.security.access.expression.method.DefaultMethodSecurityExpressionHandler] is not eligible for getting processed by all BeanPostProcessors (for example: not eligible for auto-proxying)
2021-12-31 01:31:41.877  INFO 5488 --- [restartedMain] trationDelegate$BeanPostProcessorChecker : Bean 'methodSecurityMetadataSource' of type [org.springframework.security.access.method.DelegatingMethodSecurityMetadataSource] is not eligible for getting processed by all BeanPostProcessors (for example: not eligible for auto-proxying)
2021-12-31 01:31:42.841  INFO 5488 --- [restartedMain] o.s.b.w.embedded.tomcat.TomcatWebServer  : Tomcat initialized with port(s): 3800 (http)
2021-12-31 01:31:42.861  INFO 5488 --- [restartedMain] o.apache.catalina.core.StandardService   : Starting service [Tomcat]
2021-12-31 01:31:42.865  INFO 5488 --- [restartedMain] org.apache.catalina.core.StandardEngine  : Starting Servlet engine: [Apache Tomcat/9.0.54]
2021-12-31 01:31:43.267  INFO 5488 --- [restartedMain] o.a.c.c.C.[Tomcat].[localhost].[/]       : Initializing Spring embedded WebApplicationContext
2021-12-31 01:31:43.268  INFO 5488 --- [restartedMain] w.s.c.ServletWebServerApplicationContext : Root WebApplicationContext: initialization completed in 5898 ms
2021-12-31 01:31:44.914  INFO 5488 --- [restartedMain] o.hibernate.jpa.internal.util.LogHelper  : HHH000204: Processing PersistenceUnitInfo [name: default]
2021-12-31 01:31:45.219  INFO 5488 --- [restartedMain] org.hibernate.Version                    : HHH000412: Hibernate ORM core version 5.4.32.Final
2021-12-31 01:31:45.565  INFO 5488 --- [restartedMain] o.hibernate.annotations.common.Version   : HCANN000001: Hibernate Commons Annotations {5.1.2.Final}
2021-12-31 01:31:45.818  INFO 5488 --- [restartedMain] com.zaxxer.hikari.HikariDataSource       : HikariPool-1 - Starting...
2021-12-31 01:31:46.159  INFO 5488 --- [restartedMain] com.zaxxer.hikari.HikariDataSource       : HikariPool-1 - Start completed.
2021-12-31 01:31:46.201  INFO 5488 --- [restartedMain] org.hibernate.dialect.Dialect            : HHH000400: Using dialect: org.hibernate.dialect.MySQL55Dialect
2021-12-31 01:31:49.930  INFO 5488 --- [restartedMain] o.h.e.t.j.p.i.JtaPlatformInitiator       : HHH000490: Using JtaPlatform implementation: [org.hibernate.engine.transaction.jta.platform.internal.NoJtaPlatform]
2021-12-31 01:31:49.957  INFO 5488 --- [restartedMain] j.LocalContainerEntityManagerFactoryBean : Initialized JPA EntityManagerFactory for persistence unit 'default'
2021-12-31 01:31:53.136  WARN 5488 --- [restartedMain] JpaBaseConfiguration$JpaWebConfiguration : spring.jpa.open-in-view is enabled by default. Therefore, database queries may be performed during view rendering. Explicitly configure spring.jpa.open-in-view to disable this warning
2021-12-31 01:31:54.775  INFO 5488 --- [restartedMain] o.s.s.web.DefaultSecurityFilterChain     : Will secure any request with [org.springframework.security.web.context.request.async.WebAsyncManagerIntegrationFilter@2da35482, org.springframework.security.web.context.SecurityContextPersistenceFilter@22c969a3, org.springframework.security.web.header.HeaderWriterFilter@4347ee14, org.springframework.security.web.authentication.logout.LogoutFilter@254de624, com.example.security.JWTAuthorizationFiler@59eb123e, com.example.security.JWTAuthenticationFilter@37c8b56b, org.springframework.security.web.savedrequest.RequestCacheAwareFilter@55cee595, org.springframework.security.web.servletapi.SecurityContextHolderAwareRequestFilter@19b58819, org.springframework.security.web.authentication.AnonymousAuthenticationFilter@41738ad6, org.springframework.security.web.session.SessionManagementFilter@1e4cb805, org.springframework.security.web.access.ExceptionTranslationFilter@50dedd9e, org.springframework.security.web.access.intercept.FilterSecurityInterceptor@240ed6a7]
2021-12-31 01:31:58.269  WARN 5488 --- [restartedMain] ion$DefaultTemplateResolverConfiguration : Cannot find template location: classpath:/templates/ (please add some templates or check your Thymeleaf configuration)
2021-12-31 01:32:00.018  INFO 5488 --- [restartedMain] o.s.b.d.a.OptionalLiveReloadServer       : LiveReload server is running on port 35729
2021-12-31 01:32:00.163  INFO 5488 --- [restartedMain] o.s.b.w.embedded.tomcat.TomcatWebServer  : Tomcat started on port(s): 3800 (http) with context path ''
2021-12-31 01:32:00.195  INFO 5488 --- [restartedMain] .e.RecruitmentManagmentSystemApplication : Started RecruitmentManagmentSystemApplication in 23.99 seconds (JVM running for 26.929)
2021-12-31 01:32:27.100  INFO 5488 --- [http-nio-3800-exec-1] o.a.c.c.C.[Tomcat].[localhost].[/]       : Initializing Spring DispatcherServlet 'dispatcherServlet'
2021-12-31 01:32:27.103  INFO 5488 --- [http-nio-3800-exec-1] o.s.web.servlet.DispatcherServlet        : Initializing Servlet 'dispatcherServlet'
2021-12-31 01:32:27.106  INFO 5488 --- [http-nio-3800-exec-1] o.s.web.servlet.DispatcherServlet        : Completed initialization in 3 ms
2021-12-31 12:35:06.828  WARN 5488 --- [HikariPool-1 housekeeper] com.zaxxer.hikari.pool.HikariPool        : HikariPool-1 - Thread starvation or clock leap detected (housekeeper delta=9h11m27s586ms928µs800ns).
2021-12-31 12:46:59.709  INFO 19820 --- [restartedMain] .e.RecruitmentManagmentSystemApplication : Starting RecruitmentManagmentSystemApplication using Java 1.8.0_251 on DESKTOP-IUEN8B6 with PID 19820 (C:\Users\Nour\Desktop\Projet_BackFront\-Recruitment_Managment_System\BackEndSpringBoot\target\classes started by Nour in C:\Users\Nour\Desktop\Projet_BackFront\-Recruitment_Managment_System\BackEndSpringBoot)
2021-12-31 12:46:59.712  INFO 19820 --- [restartedMain] .e.RecruitmentManagmentSystemApplication : No active profile set, falling back to default profiles: default
2021-12-31 12:46:59.854  INFO 19820 --- [restartedMain] o.s.b.devtools.restart.ChangeableUrls    : The Class-Path manifest attribute in C:\Users\Nour\.m2\repository\org\glassfish\hk2\hk2\2.6.1\hk2-2.6.1.jar referenced one or more files that do not exist: file:/C:/Users/Nour/.m2/repository/org/glassfish/hk2/hk2/2.6.1/hk2-utils.jar,file:/C:/Users/Nour/.m2/repository/org/glassfish/hk2/hk2/2.6.1/jakarta.annotation-api.jar,file:/C:/Users/Nour/.m2/repository/org/glassfish/hk2/hk2/2.6.1/jakarta.inject.jar,file:/C:/Users/Nour/.m2/repository/org/glassfish/hk2/hk2/2.6.1/hk2-api.jar,file:/C:/Users/Nour/.m2/repository/org/glassfish/hk2/hk2/2.6.1/aopalliance-repackaged.jar,file:/C:/Users/Nour/.m2/repository/org/glassfish/hk2/hk2/2.6.1/hk2-core.jar,file:/C:/Users/Nour/.m2/repository/org/glassfish/hk2/hk2/2.6.1/hk2-locator.jar,file:/C:/Users/Nour/.m2/repository/org/glassfish/hk2/hk2/2.6.1/javassist.jar,file:/C:/Users/Nour/.m2/repository/org/glassfish/hk2/hk2/2.6.1/hk2-runlevel.jar,file:/C:/Users/Nour/.m2/repository/org/glassfish/hk2/hk2/2.6.1/class-model.jar,file:/C:/Users/Nour/.m2/repository/org/glassfish/hk2/hk2/2.6.1/asm.jar,file:/C:/Users/Nour/.m2/repository/org/glassfish/hk2/hk2/2.6.1/asm-analysis.jar,file:/C:/Users/Nour/.m2/repository/org/glassfish/hk2/hk2/2.6.1/asm-commons.jar,file:/C:/Users/Nour/.m2/repository/org/glassfish/hk2/hk2/2.6.1/asm-tree.jar,file:/C:/Users/Nour/.m2/repository/org/glassfish/hk2/hk2/2.6.1/asm-util.jar
2021-12-31 12:46:59.854  INFO 19820 --- [restartedMain] .e.DevToolsPropertyDefaultsPostProcessor : Devtools property defaults active! Set 'spring.devtools.add-properties' to 'false' to disable
2021-12-31 12:46:59.855  INFO 19820 --- [restartedMain] .e.DevToolsPropertyDefaultsPostProcessor : For additional web related logging consider setting the 'logging.level.web' property to 'DEBUG'
2021-12-31 12:47:04.009  INFO 19820 --- [restartedMain] .s.d.r.c.RepositoryConfigurationDelegate : Bootstrapping Spring Data JPA repositories in DEFAULT mode.
2021-12-31 12:47:04.324  INFO 19820 --- [restartedMain] .s.d.r.c.RepositoryConfigurationDelegate : Finished Spring Data repository scanning in 294 ms. Found 10 JPA repository interfaces.
2021-12-31 12:47:06.480  INFO 19820 --- [restartedMain] trationDelegate$BeanPostProcessorChecker : Bean 'org.springframework.security.access.expression.method.DefaultMethodSecurityExpressionHandler@16236ab6' of type [org.springframework.security.access.expression.method.DefaultMethodSecurityExpressionHandler] is not eligible for getting processed by all BeanPostProcessors (for example: not eligible for auto-proxying)
2021-12-31 12:47:06.893  INFO 19820 --- [restartedMain] trationDelegate$BeanPostProcessorChecker : Bean 'methodSecurityMetadataSource' of type [org.springframework.security.access.method.DelegatingMethodSecurityMetadataSource] is not eligible for getting processed by all BeanPostProcessors (for example: not eligible for auto-proxying)
2021-12-31 12:47:10.297  INFO 5488 --- [RMI TCP Connection(2)-127.0.0.1] inMXBeanRegistrar$SpringApplicationAdmin : Application shutdown requested.
2021-12-31 12:47:11.492  INFO 5488 --- [RMI TCP Connection(2)-127.0.0.1] j.LocalContainerEntityManagerFactoryBean : Closing JPA EntityManagerFactory for persistence unit 'default'
2021-12-31 12:47:11.559  INFO 5488 --- [RMI TCP Connection(2)-127.0.0.1] com.zaxxer.hikari.HikariDataSource       : HikariPool-1 - Shutdown initiated...
2021-12-31 12:47:11.578  INFO 5488 --- [RMI TCP Connection(2)-127.0.0.1] com.zaxxer.hikari.HikariDataSource       : HikariPool-1 - Shutdown completed.
2021-12-31 12:47:26.388  INFO 11628 --- [restartedMain] .e.RecruitmentManagmentSystemApplication : Starting RecruitmentManagmentSystemApplication using Java 1.8.0_251 on DESKTOP-IUEN8B6 with PID 11628 (C:\Users\Nour\Desktop\Projet_BackFront\-Recruitment_Managment_System\BackEndSpringBoot\target\classes started by Nour in C:\Users\Nour\Desktop\Projet_BackFront\-Recruitment_Managment_System\BackEndSpringBoot)
2021-12-31 12:47:26.390  INFO 11628 --- [restartedMain] .e.RecruitmentManagmentSystemApplication : No active profile set, falling back to default profiles: default
2021-12-31 12:47:26.519  INFO 11628 --- [restartedMain] o.s.b.devtools.restart.ChangeableUrls    : The Class-Path manifest attribute in C:\Users\Nour\.m2\repository\org\glassfish\hk2\hk2\2.6.1\hk2-2.6.1.jar referenced one or more files that do not exist: file:/C:/Users/Nour/.m2/repository/org/glassfish/hk2/hk2/2.6.1/hk2-utils.jar,file:/C:/Users/Nour/.m2/repository/org/glassfish/hk2/hk2/2.6.1/jakarta.annotation-api.jar,file:/C:/Users/Nour/.m2/repository/org/glassfish/hk2/hk2/2.6.1/jakarta.inject.jar,file:/C:/Users/Nour/.m2/repository/org/glassfish/hk2/hk2/2.6.1/hk2-api.jar,file:/C:/Users/Nour/.m2/repository/org/glassfish/hk2/hk2/2.6.1/aopalliance-repackaged.jar,file:/C:/Users/Nour/.m2/repository/org/glassfish/hk2/hk2/2.6.1/hk2-core.jar,file:/C:/Users/Nour/.m2/repository/org/glassfish/hk2/hk2/2.6.1/hk2-locator.jar,file:/C:/Users/Nour/.m2/repository/org/glassfish/hk2/hk2/2.6.1/javassist.jar,file:/C:/Users/Nour/.m2/repository/org/glassfish/hk2/hk2/2.6.1/hk2-runlevel.jar,file:/C:/Users/Nour/.m2/repository/org/glassfish/hk2/hk2/2.6.1/class-model.jar,file:/C:/Users/Nour/.m2/repository/org/glassfish/hk2/hk2/2.6.1/asm.jar,file:/C:/Users/Nour/.m2/repository/org/glassfish/hk2/hk2/2.6.1/asm-analysis.jar,file:/C:/Users/Nour/.m2/repository/org/glassfish/hk2/hk2/2.6.1/asm-commons.jar,file:/C:/Users/Nour/.m2/repository/org/glassfish/hk2/hk2/2.6.1/asm-tree.jar,file:/C:/Users/Nour/.m2/repository/org/glassfish/hk2/hk2/2.6.1/asm-util.jar
2021-12-31 12:47:26.520  INFO 11628 --- [restartedMain] .e.DevToolsPropertyDefaultsPostProcessor : Devtools property defaults active! Set 'spring.devtools.add-properties' to 'false' to disable
2021-12-31 12:47:26.521  INFO 11628 --- [restartedMain] .e.DevToolsPropertyDefaultsPostProcessor : For additional web related logging consider setting the 'logging.level.web' property to 'DEBUG'
2021-12-31 12:47:29.695  INFO 11628 --- [restartedMain] .s.d.r.c.RepositoryConfigurationDelegate : Bootstrapping Spring Data JPA repositories in DEFAULT mode.
2021-12-31 12:47:30.082  INFO 11628 --- [restartedMain] .s.d.r.c.RepositoryConfigurationDelegate : Finished Spring Data repository scanning in 364 ms. Found 10 JPA repository interfaces.
2021-12-31 12:47:31.451  INFO 11628 --- [restartedMain] trationDelegate$BeanPostProcessorChecker : Bean 'org.springframework.security.access.expression.method.DefaultMethodSecurityExpressionHandler@3247afae' of type [org.springframework.security.access.expression.method.DefaultMethodSecurityExpressionHandler] is not eligible for getting processed by all BeanPostProcessors (for example: not eligible for auto-proxying)
2021-12-31 12:47:31.476  INFO 11628 --- [restartedMain] trationDelegate$BeanPostProcessorChecker : Bean 'methodSecurityMetadataSource' of type [org.springframework.security.access.method.DelegatingMethodSecurityMetadataSource] is not eligible for getting processed by all BeanPostProcessors (for example: not eligible for auto-proxying)
2021-12-31 12:47:32.536  INFO 11628 --- [restartedMain] o.s.b.w.embedded.tomcat.TomcatWebServer  : Tomcat initialized with port(s): 3800 (http)
2021-12-31 12:47:32.577  INFO 11628 --- [restartedMain] o.apache.catalina.core.StandardService   : Starting service [Tomcat]
2021-12-31 12:47:32.583  INFO 11628 --- [restartedMain] org.apache.catalina.core.StandardEngine  : Starting Servlet engine: [Apache Tomcat/9.0.54]
2021-12-31 12:47:33.067  INFO 11628 --- [restartedMain] o.a.c.c.C.[Tomcat].[localhost].[/]       : Initializing Spring embedded WebApplicationContext
2021-12-31 12:47:33.068  INFO 11628 --- [restartedMain] w.s.c.ServletWebServerApplicationContext : Root WebApplicationContext: initialization completed in 6545 ms
2021-12-31 12:47:33.980  INFO 11628 --- [restartedMain] o.hibernate.jpa.internal.util.LogHelper  : HHH000204: Processing PersistenceUnitInfo [name: default]
2021-12-31 12:47:34.168  INFO 11628 --- [restartedMain] org.hibernate.Version                    : HHH000412: Hibernate ORM core version 5.4.32.Final
2021-12-31 12:47:34.791  INFO 11628 --- [restartedMain] o.hibernate.annotations.common.Version   : HCANN000001: Hibernate Commons Annotations {5.1.2.Final}
2021-12-31 12:47:35.231  INFO 11628 --- [restartedMain] com.zaxxer.hikari.HikariDataSource       : HikariPool-1 - Starting...
2021-12-31 12:47:35.655  INFO 11628 --- [restartedMain] com.zaxxer.hikari.HikariDataSource       : HikariPool-1 - Start completed.
2021-12-31 12:47:35.705  INFO 11628 --- [restartedMain] org.hibernate.dialect.Dialect            : HHH000400: Using dialect: org.hibernate.dialect.MySQL55Dialect
2021-12-31 12:47:39.458  INFO 11628 --- [restartedMain] o.h.e.t.j.p.i.JtaPlatformInitiator       : HHH000490: Using JtaPlatform implementation: [org.hibernate.engine.transaction.jta.platform.internal.NoJtaPlatform]
2021-12-31 12:47:39.481  INFO 11628 --- [restartedMain] j.LocalContainerEntityManagerFactoryBean : Initialized JPA EntityManagerFactory for persistence unit 'default'
2021-12-31 12:47:42.425  WARN 11628 --- [restartedMain] JpaBaseConfiguration$JpaWebConfiguration : spring.jpa.open-in-view is enabled by default. Therefore, database queries may be performed during view rendering. Explicitly configure spring.jpa.open-in-view to disable this warning
2021-12-31 12:47:43.967  INFO 11628 --- [restartedMain] o.s.s.web.DefaultSecurityFilterChain     : Will secure any request with [org.springframework.security.web.context.request.async.WebAsyncManagerIntegrationFilter@4e3e1833, org.springframework.security.web.context.SecurityContextPersistenceFilter@66109aa0, org.springframework.security.web.header.HeaderWriterFilter@5335a0df, org.springframework.security.web.authentication.logout.LogoutFilter@36dd2942, com.example.security.JWTAuthorizationFiler@5ef43b10, com.example.security.JWTAuthenticationFilter@42deeff, org.springframework.security.web.savedrequest.RequestCacheAwareFilter@254a35cd, org.springframework.security.web.servletapi.SecurityContextHolderAwareRequestFilter@1a006454, org.springframework.security.web.authentication.AnonymousAuthenticationFilter@7df67f53, org.springframework.security.web.session.SessionManagementFilter@709dcf72, org.springframework.security.web.access.ExceptionTranslationFilter@34cf767, org.springframework.security.web.access.intercept.FilterSecurityInterceptor@227b78eb]
2021-12-31 12:47:46.472  WARN 11628 --- [restartedMain] ion$DefaultTemplateResolverConfiguration : Cannot find template location: classpath:/templates/ (please add some templates or check your Thymeleaf configuration)
2021-12-31 12:47:47.563  INFO 11628 --- [restartedMain] o.s.b.d.a.OptionalLiveReloadServer       : LiveReload server is running on port 35729
2021-12-31 12:47:47.689  INFO 11628 --- [restartedMain] o.s.b.w.embedded.tomcat.TomcatWebServer  : Tomcat started on port(s): 3800 (http) with context path ''
2021-12-31 12:47:47.718  INFO 11628 --- [restartedMain] .e.RecruitmentManagmentSystemApplication : Started RecruitmentManagmentSystemApplication in 22.468 seconds (JVM running for 25.876)
2021-12-31 12:56:03.202  INFO 11628 --- [http-nio-3800-exec-1] o.a.c.c.C.[Tomcat].[localhost].[/]       : Initializing Spring DispatcherServlet 'dispatcherServlet'
2021-12-31 12:56:03.241  INFO 11628 --- [http-nio-3800-exec-1] o.s.web.servlet.DispatcherServlet        : Initializing Servlet 'dispatcherServlet'
2021-12-31 12:56:03.721  INFO 11628 --- [http-nio-3800-exec-1] o.s.web.servlet.DispatcherServlet        : Completed initialization in 457 ms
2021-12-31 15:54:49.949  INFO 11628 --- [Thread-6] j.LocalContainerEntityManagerFactoryBean : Closing JPA EntityManagerFactory for persistence unit 'default'
2021-12-31 15:54:50.117  INFO 11628 --- [Thread-6] com.zaxxer.hikari.HikariDataSource       : HikariPool-1 - Shutdown initiated...
2021-12-31 15:54:50.166  INFO 11628 --- [Thread-6] com.zaxxer.hikari.HikariDataSource       : HikariPool-1 - Shutdown completed.
2021-12-31 15:54:52.276  INFO 11628 --- [restartedMain] .e.RecruitmentManagmentSystemApplication : Starting RecruitmentManagmentSystemApplication using Java 1.8.0_251 on DESKTOP-IUEN8B6 with PID 11628 (C:\Users\Nour\Desktop\Projet_BackFront\-Recruitment_Managment_System\BackEndSpringBoot\target\classes started by Nour in C:\Users\Nour\Desktop\Projet_BackFront\-Recruitment_Managment_System\BackEndSpringBoot)
2021-12-31 15:54:52.277  INFO 11628 --- [restartedMain] .e.RecruitmentManagmentSystemApplication : No active profile set, falling back to default profiles: default
2021-12-31 15:54:53.430  INFO 11628 --- [restartedMain] .s.d.r.c.RepositoryConfigurationDelegate : Bootstrapping Spring Data JPA repositories in DEFAULT mode.
2021-12-31 15:54:53.690  INFO 11628 --- [restartedMain] .s.d.r.c.RepositoryConfigurationDelegate : Finished Spring Data repository scanning in 257 ms. Found 10 JPA repository interfaces.
2021-12-31 15:54:54.086  INFO 11628 --- [restartedMain] trationDelegate$BeanPostProcessorChecker : Bean 'org.springframework.security.access.expression.method.DefaultMethodSecurityExpressionHandler@78c2cb03' of type [org.springframework.security.access.expression.method.DefaultMethodSecurityExpressionHandler] is not eligible for getting processed by all BeanPostProcessors (for example: not eligible for auto-proxying)
2021-12-31 15:54:54.096  INFO 11628 --- [restartedMain] trationDelegate$BeanPostProcessorChecker : Bean 'methodSecurityMetadataSource' of type [org.springframework.security.access.method.DelegatingMethodSecurityMetadataSource] is not eligible for getting processed by all BeanPostProcessors (for example: not eligible for auto-proxying)
2021-12-31 15:54:54.739  INFO 11628 --- [restartedMain] o.s.b.w.embedded.tomcat.TomcatWebServer  : Tomcat initialized with port(s): 3800 (http)
2021-12-31 15:54:54.741  INFO 11628 --- [restartedMain] o.apache.catalina.core.StandardService   : Starting service [Tomcat]
2021-12-31 15:54:54.743  INFO 11628 --- [restartedMain] org.apache.catalina.core.StandardEngine  : Starting Servlet engine: [Apache Tomcat/9.0.54]
2021-12-31 15:54:54.899  INFO 11628 --- [restartedMain] o.a.c.c.C.[Tomcat].[localhost].[/]       : Initializing Spring embedded WebApplicationContext
2021-12-31 15:54:54.900  INFO 11628 --- [restartedMain] w.s.c.ServletWebServerApplicationContext : Root WebApplicationContext: initialization completed in 2611 ms
2021-12-31 15:54:57.789  INFO 11628 --- [restartedMain] o.hibernate.jpa.internal.util.LogHelper  : HHH000204: Processing PersistenceUnitInfo [name: default]
2021-12-31 15:54:57.843  INFO 11628 --- [restartedMain] com.zaxxer.hikari.HikariDataSource       : HikariPool-2 - Starting...
2021-12-31 15:54:57.859  INFO 11628 --- [restartedMain] com.zaxxer.hikari.HikariDataSource       : HikariPool-2 - Start completed.
2021-12-31 15:54:57.860  INFO 11628 --- [restartedMain] org.hibernate.dialect.Dialect            : HHH000400: Using dialect: org.hibernate.dialect.MySQL55Dialect
2021-12-31 15:55:00.100  INFO 11628 --- [restartedMain] o.h.e.t.j.p.i.JtaPlatformInitiator       : HHH000490: Using JtaPlatform implementation: [org.hibernate.engine.transaction.jta.platform.internal.NoJtaPlatform]
2021-12-31 15:55:00.101  INFO 11628 --- [restartedMain] j.LocalContainerEntityManagerFactoryBean : Initialized JPA EntityManagerFactory for persistence unit 'default'
2021-12-31 15:55:03.089  WARN 11628 --- [restartedMain] JpaBaseConfiguration$JpaWebConfiguration : spring.jpa.open-in-view is enabled by default. Therefore, database queries may be performed during view rendering. Explicitly configure spring.jpa.open-in-view to disable this warning
2021-12-31 15:55:03.781  INFO 11628 --- [restartedMain] o.s.s.web.DefaultSecurityFilterChain     : Will secure any request with [org.springframework.security.web.context.request.async.WebAsyncManagerIntegrationFilter@4377d5c8, org.springframework.security.web.context.SecurityContextPersistenceFilter@7127b257, org.springframework.security.web.header.HeaderWriterFilter@15f17245, org.springframework.security.web.authentication.logout.LogoutFilter@63facf1d, com.example.security.JWTAuthorizationFiler@1b9a8d67, com.example.security.JWTAuthenticationFilter@6660a53f, org.springframework.security.web.savedrequest.RequestCacheAwareFilter@4317a50c, org.springframework.security.web.servletapi.SecurityContextHolderAwareRequestFilter@5dea9471, org.springframework.security.web.authentication.AnonymousAuthenticationFilter@2de4e5b5, org.springframework.security.web.session.SessionManagementFilter@6e53991d, org.springframework.security.web.access.ExceptionTranslationFilter@7bd93b64, org.springframework.security.web.access.intercept.FilterSecurityInterceptor@6aed614e]
2021-12-31 15:55:05.300  WARN 11628 --- [restartedMain] ion$DefaultTemplateResolverConfiguration : Cannot find template location: classpath:/templates/ (please add some templates or check your Thymeleaf configuration)
2021-12-31 15:55:05.855  INFO 11628 --- [restartedMain] o.s.b.d.a.OptionalLiveReloadServer       : LiveReload server is running on port 35729
2021-12-31 15:55:05.917  INFO 11628 --- [restartedMain] o.s.b.w.embedded.tomcat.TomcatWebServer  : Tomcat started on port(s): 3800 (http) with context path ''
2021-12-31 15:55:05.942  INFO 11628 --- [restartedMain] .e.RecruitmentManagmentSystemApplication : Started RecruitmentManagmentSystemApplication in 13.864 seconds (JVM running for 11264.1)
2021-12-31 15:55:07.594  INFO 11628 --- [restartedMain] .ConditionEvaluationDeltaLoggingListener : Condition evaluation unchanged
2021-12-31 15:55:43.897  INFO 11628 --- [http-nio-3800-exec-2] o.a.c.c.C.[Tomcat].[localhost].[/]       : Initializing Spring DispatcherServlet 'dispatcherServlet'
2021-12-31 15:55:43.903  INFO 11628 --- [http-nio-3800-exec-2] o.s.web.servlet.DispatcherServlet        : Initializing Servlet 'dispatcherServlet'
2021-12-31 15:55:43.909  INFO 11628 --- [http-nio-3800-exec-2] o.s.web.servlet.DispatcherServlet        : Completed initialization in 4 ms
